Build started 1/16/2016 7:15:10 PM.
     1>Project "C:\Users\Sasha\Documents\Visual Studio 2012\Projects\MoneyApp3\MoneyApp3\MoneyApp3.vcxproj" on node 2 (Build target(s)).
     1>ClCompile:
         C:\Program Files (x86)\Microsoft Visual Studio 11.0\VC\bin\x86_amd64\CL.exe /c /IC:\Qt\5.5\msvc2012\include /Zi /nologo /W3 /WX- /sdl /Od /D WIN32 /D _DEBUG /D _CONSOLE /D _UNICODE /D UNICODE /Gm /EHsc /RTC1 /MDd /GS /fp:precise /Zc:wchar_t /Zc:forScope /Yc"stdafx.h" /Fp"x64\Debug\MoneyApp3.pch" /Fo"x64\Debug\\" /Fd"x64\Debug\vc110.pdb" /Gd /TP /errorReport:prompt stdafx.cpp
         stdafx.cpp
         C:\Program Files (x86)\Microsoft Visual Studio 11.0\VC\bin\x86_amd64\CL.exe /c /IC:\Qt\5.5\msvc2012\include /Zi /nologo /W3 /WX- /sdl /Od /D WIN32 /D _DEBUG /D _CONSOLE /D _UNICODE /D UNICODE /Gm /EHsc /RTC1 /MDd /GS /fp:precise /Zc:wchar_t /Zc:forScope /Yu"stdafx.h" /Fp"x64\Debug\MoneyApp3.pch" /Fo"x64\Debug\\" /Fd"x64\Debug\vc110.pdb" /Gd /TP /errorReport:prompt Item.cpp MoneyApp3.cpp Person.cpp Session.cpp
         Session.cpp
         Person.cpp
         MoneyApp3.cpp
         Item.cpp
         Generating Code...
       Link:
         C:\Program Files (x86)\Microsoft Visual Studio 11.0\VC\bin\x86_amd64\link.exe /ERRORREPORT:PROMPT /OUT:"C:\Users\Sasha\Documents\Visual Studio 2012\Projects\MoneyApp3\x64\Debug\MoneyApp3.exe" /INCREMENTAL /NOLOGO /LIBPATH:C:\Qt\5.5\msvc2012\lib Qt5Cored.lib Qt5Guid.lib kernel32.lib user32.lib gdi32.lib winspool.lib comdlg32.lib advapi32.lib shell32.lib ole32.lib oleaut32.lib uuid.lib odbc32.lib odbccp32.lib /MANIFEST /MANIFESTUAC:"level='asInvoker' uiAccess='false'" /manifest:embed /DEBUG /PDB:"C:\Users\Sasha\Documents\Visual Studio 2012\Projects\MoneyApp3\x64\Debug\MoneyApp3.pdb" /SUBSYSTEM:CONSOLE /TLBID:1 /DYNAMICBASE /NXCOMPAT /IMPLIB:"C:\Users\Sasha\Documents\Visual Studio 2012\Projects\MoneyApp3\x64\Debug\MoneyApp3.lib" /MACHINE:X64 x64\Debug\Item.obj
         x64\Debug\MoneyApp3.obj
         x64\Debug\Person.obj
         x64\Debug\Session.obj
         x64\Debug\stdafx.obj
     1>MoneyApp3.obj : error LNK2019: unresolved external symbol "__declspec(dllimport) public: __cdecl QApplication::QApplication(int &,char * *,int)" (__imp_??0QApplication@@QEAA@AEAHPEAPEADH@Z) referenced in function main
     1>MoneyApp3.obj : error LNK2019: unresolved external symbol "__declspec(dllimport) public: virtual __cdecl QApplication::~QApplication(void)" (__imp_??1QApplication@@UEAA@XZ) referenced in function main
     1>MoneyApp3.obj : error LNK2019: unresolved external symbol "__declspec(dllimport) public: static int __cdecl QApplication::exec(void)" (__imp_?exec@QApplication@@SAHXZ) referenced in function main
     1>C:\Users\Sasha\Documents\Visual Studio 2012\Projects\MoneyApp3\x64\Debug\MoneyApp3.exe : fatal error LNK1120: 3 unresolved externals
     1>Done Building Project "C:\Users\Sasha\Documents\Visual Studio 2012\Projects\MoneyApp3\MoneyApp3\MoneyApp3.vcxproj" (Build target(s)) -- FAILED.

Build FAILED.

Time Elapsed 00:00:04.37
